networklogger/build/intermediates/manifest_merge_blame_file/debug/processDebugManifest/manifest-merger-blame-debug-report.txt
1<?xml version="1.0" encoding="utf-8"?>
2<manifest xmlns:android="http://schemas.android.com/apk/res/android"
3    package="com.vbm.logger" >
4
5    <uses-sdk android:minSdkVersion="21" />
5-->INJECTED
5-->INJECTED
6
7    <application>
7-->src\main\AndroidManifest.xml:3:5-13:19
8        <activity
8-->src\main\AndroidManifest.xml:4:9-7:44
9            android:name="com.vbm.logger.ui.NetworkLogActivity"
9-->src\main\AndroidManifest.xml:5:13-50
10            android:exported="false"
10-->src\main\AndroidManifest.xml:6:13-37
11            android:label="Network Logs" />
11-->src\main\AndroidManifest.xml:7:13-41
12        <activity
12-->src\main\AndroidManifest.xml:9:9-12:42
13            android:name="com.vbm.logger.ui.NetworkLogDetailActivity"
13-->src\main\AndroidManifest.xml:10:13-56
14            android:exported="false"
14-->src\main\AndroidManifest.xml:11:13-37
15            android:label="Log Detail" />
15-->src\main\AndroidManifest.xml:12:13-39
16    </application>
17
18</manifest>